\BOOKMARK [1][-]{section.1}{INTRODUCCIÓN Y OBJETIVOS}{}% 1
\BOOKMARK [1][-]{section.2}{ESTADO\040DEL\040ARTE}{}% 2
\BOOKMARK [2][-]{subsection.2.1}{Historia\040de\040los\040chatbots}{section.2}% 3
\BOOKMARK [3][-]{subsubsection.2.1.1}{Origen}{subsection.2.1}% 4
\BOOKMARK [3][-]{subsubsection.2.1.2}{ELIZA}{subsection.2.1}% 5
\BOOKMARK [3][-]{subsubsection.2.1.3}{ALICE}{subsection.2.1}% 6
\BOOKMARK [3][-]{subsubsection.2.1.4}{Siri\040\(Apple\)}{subsection.2.1}% 7
\BOOKMARK [3][-]{subsubsection.2.1.5}{Google\040Home}{subsection.2.1}% 8
\BOOKMARK [3][-]{subsubsection.2.1.6}{Alexa\040\(Amazon\)}{subsection.2.1}% 9
\BOOKMARK [2][-]{subsection.2.2}{Usos\040de\040los\040chatbots\040aplicados\040al\040mundo\040real}{section.2}% 10
\BOOKMARK [3][-]{subsubsection.2.2.1}{Seguridad}{subsection.2.2}% 11
\BOOKMARK [3][-]{subsubsection.2.2.2}{Sanidad}{subsection.2.2}% 12
\BOOKMARK [3][-]{subsubsection.2.2.3}{Banca}{subsection.2.2}% 13
\BOOKMARK [2][-]{subsection.2.3}{Ética en los chatbots}{section.2}% 14
\BOOKMARK [1][-]{section.3}{ANÁLISIS}{}% 15
\BOOKMARK [2][-]{subsection.3.1}{Idea\040base\040del\040proyecto}{section.3}% 16
\BOOKMARK [2][-]{subsection.3.2}{Tecnologías usadas}{section.3}% 17
\BOOKMARK [3][-]{subsubsection.3.2.1}{JSON-RPC}{subsection.3.2}% 18
\BOOKMARK [2][-]{subsection.3.3}{Servicios\040utilizados}{section.3}% 19
\BOOKMARK [3][-]{subsubsection.3.3.1}{Tadoº}{subsection.3.3}% 20
\BOOKMARK [3][-]{subsubsection.3.3.2}{Telegram}{subsection.3.3}% 21
\BOOKMARK [1][-]{section.4}{DISEÑO Y ARQUITECTURA DEL SISTEMA}{}% 22
\BOOKMARK [2][-]{subsection.4.1}{Metodología de trabajo}{section.4}% 23
\BOOKMARK [2][-]{subsection.4.2}{Casos\040de\040uso}{section.4}% 24
\BOOKMARK [2][-]{subsection.4.3}{Infraestructura}{section.4}% 25
\BOOKMARK [3][-]{subsubsection.4.3.1}{Software\040bot}{subsection.4.3}% 26
\BOOKMARK [3][-]{subsubsection.4.3.2}{Servidor\040de\040comunicaciones}{subsection.4.3}% 27
\BOOKMARK [2][-]{subsection.4.4}{Estructura\040de\040base\040de\040datos}{section.4}% 28
\BOOKMARK [2][-]{subsection.4.5}{Disposición del código}{section.4}% 29
\BOOKMARK [3][-]{subsubsection.4.5.1}{bfmb-comcenter}{subsection.4.5}% 30
\BOOKMARK [3][-]{subsubsection.4.5.2}{bfmb-base-connector}{subsection.4.5}% 31
\BOOKMARK [3][-]{subsubsection.4.5.3}{bfmb-telegram-connector\040y\040bfmb-tado-connector}{subsection.4.5}% 32
\BOOKMARK [1][-]{section.5}{DESARROLLO}{}% 33
\BOOKMARK [2][-]{subsection.5.1}{Lenguaje\040usado\040en\040desarrollo}{section.5}% 34
\BOOKMARK [3][-]{subsubsection.5.1.1}{Typescript}{subsection.5.1}% 35
\BOOKMARK [2][-]{subsection.5.2}{Dependencias}{section.5}% 36
\BOOKMARK [3][-]{subsubsection.5.2.1}{MongoDB}{subsection.5.2}% 37
\BOOKMARK [3][-]{subsubsection.5.2.2}{NodeJS}{subsection.5.2}% 38
\BOOKMARK [3][-]{subsubsection.5.2.3}{Jayson}{subsection.5.2}% 39
\BOOKMARK [3][-]{subsubsection.5.2.4}{Api\040de\040Telegram}{subsection.5.2}% 40
\BOOKMARK [3][-]{subsubsection.5.2.5}{Api de Tadoº}{subsection.5.2}% 41
\BOOKMARK [1][-]{section.6}{PRUEBAS}{}% 42
\BOOKMARK [2][-]{subsubsection.6.0.1}{Mocha}{section.6}% 43
\BOOKMARK [1][-]{section.7}{MANUAL\040DE\040USUARIO}{}% 44
\BOOKMARK [2][-]{subsection.7.1}{Instalación}{section.7}% 45
\BOOKMARK [3][-]{subsubsection.7.1.1}{Prerrequisitos}{subsection.7.1}% 46
\BOOKMARK [3][-]{subsubsection.7.1.2}{Procedimento de instalación}{subsection.7.1}% 47
\BOOKMARK [3][-]{subsubsection.7.1.3}{Inicio\040del\040servidor}{subsection.7.1}% 48
\BOOKMARK [2][-]{subsection.7.2}{Añadir usuarios al servidor de comunicaciones}{section.7}% 49
\BOOKMARK [2][-]{subsection.7.3}{Cómo interactuar con el servidor de comunicaciones}{section.7}% 50
\BOOKMARK [3][-]{subsubsection.7.3.1}{Realizar\040login\040en\040el\040servidor}{subsection.7.3}% 51
\BOOKMARK [3][-]{subsubsection.7.3.2}{Obtener información del usuario de la api}{subsection.7.3}% 52
\BOOKMARK [3][-]{subsubsection.7.3.3}{Comando de recepción de información}{subsection.7.3}% 53
\BOOKMARK [3][-]{subsubsection.7.3.4}{Comando de envío de información}{subsection.7.3}% 54
\BOOKMARK [1][-]{section.8}{CONCLUSIONES}{}% 55
\BOOKMARK [1][-]{section.9}{LÍNEAS FUTURAS}{}% 56
