This is pdfTeX, Version 3.14159265-2.6-1.40.16 (TeX Live 2015) (preloaded format=pdflatex 2015.10.26)  8 FEB 2018 07:54
entering extended mode
 restricted \write18 enabled.
 file:line:error style messages enabled.
 %&-line parsing enabled.
**templateTFM.tex
(./templateTFM.tex
LaTeX2e <2015/01/01>
Babel <3.9l> and hyphenation patterns for 79 languages loaded.
(/usr/local/texlive/2015/texmf-dist/tex/latex/paper/paper.cls
Document Class: paper 2008/05/30 1.0l LaTeX document class (wm).
\hours=\count79
\minutes=\count80
(/usr/local/texlive/2015/texmf-dist/tex/latex/base/size12.clo
File: size12.clo 2014/09/29 v1.4h Standard LaTeX file (size option)
)
\beforetitlespace=\skip41
\c@part=\count81
\c@section=\count82
\c@subsection=\count83
\c@subsubsection=\count84
\c@paragraph=\count85
\c@subparagraph=\count86
\exampleindent=\skip42
\c@figure=\count87
\c@table=\count88
\abovecaptionskip=\skip43
\belowcaptionskip=\skip44
\bibindent=\dimen102
)
(/usr/local/texlive/2015/texmf-dist/tex/latex/tools/afterpage.sty
Package: afterpage 2014/10/28 v1.08 After-Page Package (DPC)
\AP@output=\toks14
\AP@partial=\box26
\AP@footins=\box27
)
(/usr/local/texlive/2015/texmf-dist/tex/latex/geometry/geometry.sty
Package: geometry 2010/09/12 v5.6 Page Geometry

(/usr/local/texlive/2015/texmf-dist/tex/latex/graphics/keyval.sty
Package: keyval 2014/10/28 v1.15 key=value parser (DPC)
\KV@toks@=\toks15
)
(/usr/local/texlive/2015/texmf-dist/tex/generic/oberdiek/ifpdf.sty
Package: ifpdf 2011/01/30 v2.3 Provides the ifpdf switch (HO)
Package ifpdf Info: pdfTeX in PDF mode is detected.
)
(/usr/local/texlive/2015/texmf-dist/tex/generic/oberdiek/ifvtex.sty
Package: ifvtex 2010/03/01 v1.5 Detect VTeX and its facilities (HO)
Package ifvtex Info: VTeX not detected.
)
(/usr/local/texlive/2015/texmf-dist/tex/generic/ifxetex/ifxetex.sty
Package: ifxetex 2010/09/12 v0.6 Provides ifxetex conditional
)
\Gm@cnth=\count89
\Gm@cntv=\count90
\c@Gm@tempcnt=\count91
\Gm@bindingoffset=\dimen103
\Gm@wd@mp=\dimen104
\Gm@odd@mp=\dimen105
\Gm@even@mp=\dimen106
\Gm@layoutwidth=\dimen107
\Gm@layoutheight=\dimen108
\Gm@layouthoffset=\dimen109
\Gm@layoutvoffset=\dimen110
\Gm@dimlist=\toks16


Package geometry Warning: Over-specification in `h'-direction.
    `width' (426.79134pt) is ignored.


Package geometry Warning: Over-specification in `v'-direction.
    `height' (640.187pt) is ignored.

) (/usr/local/texlive/2015/texmf-dist/tex/generic/babel/babel.sty
Package: babel 2014/09/25 3.9l The Babel package

(/usr/local/texlive/2015/texmf-dist/tex/generic/babel-spanish/spanish.ldf
Language: spanish.ldf 2014/04/24 v5.0n Spanish support from the babel system

(/usr/local/texlive/2015/texmf-dist/tex/generic/babel/babel.def
File: babel.def 2014/09/25 3.9l Babel common definitions
\babel@savecnt=\count92
\U@D=\dimen111
)
\es@quottoks=\toks17
\es@quotdepth=\count93
Package babel Info: Making " an active character on input line 516.
Package babel Info: Making . an active character on input line 617.
Package babel Info: Making < an active character on input line 662.
Package babel Info: Making > an active character on input line 662.
))
(/usr/local/texlive/2015/texmf-dist/tex/latex/base/inputenc.sty
Package: inputenc 2015/03/17 v1.2c Input encoding file
\inpenc@prehook=\toks18
\inpenc@posthook=\toks19

(/usr/local/texlive/2015/texmf-dist/tex/latex/base/applemac.def
File: applemac.def 2015/03/17 v1.2c Input encoding file
))
(/usr/local/texlive/2015/texmf-dist/tex/latex/graphics/graphicx.sty
Package: graphicx 2014/10/28 v1.0g Enhanced LaTeX Graphics (DPC,SPQR)

(/usr/local/texlive/2015/texmf-dist/tex/latex/graphics/graphics.sty
Package: graphics 2014/10/28 v1.0p Standard LaTeX Graphics (DPC,SPQR)

(/usr/local/texlive/2015/texmf-dist/tex/latex/graphics/trig.sty
Package: trig 1999/03/16 v1.09 sin cos tan (DPC)
)
(/usr/local/texlive/2015/texmf-dist/tex/latex/latexconfig/graphics.cfg
File: graphics.cfg 2010/04/23 v1.9 graphics configuration of TeX Live
)
Package graphics Info: Driver file: pdftex.def on input line 94.

(/usr/local/texlive/2015/texmf-dist/tex/latex/pdftex-def/pdftex.def
File: pdftex.def 2011/05/27 v0.06d Graphics/color for pdfTeX

(/usr/local/texlive/2015/texmf-dist/tex/generic/oberdiek/infwarerr.sty
Package: infwarerr 2010/04/08 v1.3 Providing info/warning/error messages (HO)
)
(/usr/local/texlive/2015/texmf-dist/tex/generic/oberdiek/ltxcmds.sty
Package: ltxcmds 2011/11/09 v1.22 LaTeX kernel commands for general use (HO)
)
\Gread@gobject=\count94
))
\Gin@req@height=\dimen112
\Gin@req@width=\dimen113
)
(/usr/local/texlive/2015/texmf-dist/tex/latex/amsmath/amsmath.sty
Package: amsmath 2013/01/14 v2.14 AMS math features
\@mathmargin=\skip45

For additional information on amsmath, use the `?' option.
(/usr/local/texlive/2015/texmf-dist/tex/latex/amsmath/amstext.sty
Package: amstext 2000/06/29 v2.01

(/usr/local/texlive/2015/texmf-dist/tex/latex/amsmath/amsgen.sty
File: amsgen.sty 1999/11/30 v2.0
\@emptytoks=\toks20
\ex@=\dimen114
))
(/usr/local/texlive/2015/texmf-dist/tex/latex/amsmath/amsbsy.sty
Package: amsbsy 1999/11/29 v1.2d
\pmbraise@=\dimen115
)
(/usr/local/texlive/2015/texmf-dist/tex/latex/amsmath/amsopn.sty
Package: amsopn 1999/12/14 v2.01 operator names
)
\inf@bad=\count95
LaTeX Info: Redefining \frac on input line 210.
\uproot@=\count96
\leftroot@=\count97
LaTeX Info: Redefining \overline on input line 306.
\classnum@=\count98
\DOTSCASE@=\count99
LaTeX Info: Redefining \ldots on input line 378.
LaTeX Info: Redefining \dots on input line 381.
LaTeX Info: Redefining \cdots on input line 466.
\Mathstrutbox@=\box28
\strutbox@=\box29
\big@size=\dimen116
LaTeX Font Info:    Redeclaring font encoding OML on input line 566.
LaTeX Font Info:    Redeclaring font encoding OMS on input line 567.
\macc@depth=\count100
\c@MaxMatrixCols=\count101
\dotsspace@=\muskip10
\c@parentequation=\count102
\dspbrk@lvl=\count103
\tag@help=\toks21
\row@=\count104
\column@=\count105
\maxfields@=\count106
\andhelp@=\toks22
\eqnshift@=\dimen117
\alignsep@=\dimen118
\tagshift@=\dimen119
\tagwidth@=\dimen120
\totwidth@=\dimen121
\lineht@=\dimen122
\@envbody=\toks23
\multlinegap=\skip46
\multlinetaggap=\skip47
\mathdisplay@stack=\toks24
LaTeX Info: Redefining \[ on input line 2665.
LaTeX Info: Redefining \] on input line 2666.
)
(/usr/local/texlive/2015/texmf-dist/tex/latex/amsfonts/amssymb.sty
Package: amssymb 2013/01/14 v3.01 AMS font symbols

(/usr/local/texlive/2015/texmf-dist/tex/latex/amsfonts/amsfonts.sty
Package: amsfonts 2013/01/14 v3.01 Basic AMSFonts support
\symAMSa=\mathgroup4
\symAMSb=\mathgroup5
LaTeX Font Info:    Overwriting math alphabet `\mathfrak' in version `bold'
(Font)                  U/euf/m/n --> U/euf/b/n on input line 106.
))
(/usr/local/texlive/2015/texmf-dist/tex/latex/float/float.sty
Package: float 2001/11/08 v1.3d Float enhancements (AL)
\c@float@type=\count107
\float@exts=\toks25
\float@box=\box30
\@float@everytoks=\toks26
\@floatcapt=\box31
)
(/usr/local/texlive/2015/texmf-dist/tex/latex/changepage/changepage.sty
Package: changepage 2009/10/20 v1.0c check page and change page layout
\c@cp@cntr=\count108
\cp@tempcnt=\count109
)
(/usr/local/texlive/2015/texmf-dist/tex/latex/caption/subcaption.sty
Package: subcaption 2013/02/03 v1.1-62 Sub-captions (AR)

(/usr/local/texlive/2015/texmf-dist/tex/latex/caption/caption.sty
Package: caption 2013/05/02 v3.3-89 Customizing captions (AR)

(/usr/local/texlive/2015/texmf-dist/tex/latex/caption/caption3.sty
Package: caption3 2013/05/02 v1.6-88 caption3 kernel (AR)
Package caption3 Info: TeX engine: e-TeX on input line 57.
\captionmargin=\dimen123
\captionmargin@=\dimen124
\captionwidth=\dimen125
\caption@tempdima=\dimen126
\caption@indent=\dimen127
\caption@parindent=\dimen128
\caption@hangindent=\dimen129
)
\c@ContinuedFloat=\count110
Package caption Info: float package is loaded.
)
\c@subfigure=\count111
\c@subtable=\count112
)
(/usr/local/texlive/2015/texmf-dist/tex/latex/algorithms/algorithm.sty
Package: algorithm 2009/08/24 v0.1 Document Style `algorithm' - floating enviro
nment

(/usr/local/texlive/2015/texmf-dist/tex/latex/base/ifthen.sty
Package: ifthen 2014/09/29 v1.1c Standard LaTeX ifthen package (DPC)
)
\@float@every@algorithm=\toks27
\c@algorithm=\count113
)
(/usr/local/texlive/2015/texmf-dist/tex/latex/multirow/multirow.sty
\bigstrutjot=\dimen130
)
(./templateTFM.aux
LaTeX Info: Redefining \. on input line 6.
LaTeX Info: Redefining \% on input line 6.


LaTeX Warning: Label `fig:proceso' multiply defined.

)
\openout1 = `templateTFM.aux'.

LaTeX Font Info:    Checking defaults for OML/cmm/m/it on input line 34.
LaTeX Font Info:    ... okay on input line 34.
LaTeX Font Info:    Checking defaults for T1/cmr/m/n on input line 34.
LaTeX Font Info:    ... okay on input line 34.
LaTeX Font Info:    Checking defaults for OT1/cmr/m/n on input line 34.
LaTeX Font Info:    ... okay on input line 34.
LaTeX Font Info:    Checking defaults for OMS/cmsy/m/n on input line 34.
LaTeX Font Info:    ... okay on input line 34.
LaTeX Font Info:    Checking defaults for OMX/cmex/m/n on input line 34.
LaTeX Font Info:    ... okay on input line 34.
LaTeX Font Info:    Checking defaults for U/cmr/m/n on input line 34.
LaTeX Font Info:    ... okay on input line 34.

*geometry* driver: auto-detecting
*geometry* detected driver: pdftex
*geometry* verbose mode - [ preamble ] result:
* driver: pdftex
* paper: a4paper
* layout: <same size as paper>
* layoutoffset:(h,v)=(0.0pt,0.0pt)
* modes: twoside 
* h-part:(L,W,R)=(113.81102pt, 426.79135pt, 56.9055pt)
* v-part:(T,H,B)=(99.58464pt, 645.87756pt, 99.58464pt)
* \paperwidth=597.50787pt
* \paperheight=845.04684pt
* \textwidth=426.79135pt
* \textheight=645.87756pt
* \oddsidemargin=41.54103pt
* \evensidemargin=-15.36449pt
* \topmargin=-9.68535pt
* \headheight=12.0pt
* \headsep=25.0pt
* \topskip=12.0pt
* \footskip=30.0pt
* \marginparwidth=85.0pt
* \marginparsep=10.0pt
* \columnsep=10.0pt
* \skip\footins=10.8pt plus 4.0pt minus 2.0pt
* \hoffset=0.0pt
* \voffset=0.0pt
* \mag=1000
* \@twocolumnfalse
* \@twosidetrue
* \@mparswitchtrue
* \@reversemarginfalse
* (1in=72.27pt=25.4mm, 1cm=28.453pt)

LaTeX Info: Redefining \. on input line 34.
LaTeX Info: Redefining \% on input line 34.
(/usr/local/texlive/2015/texmf-dist/tex/context/base/supp-pdf.mkii
[Loading MPS to PDF converter (version 2006.09.02).]
\scratchcounter=\count114
\scratchdimen=\dimen131
\scratchbox=\box32
\nofMPsegments=\count115
\nofMParguments=\count116
\everyMPshowfont=\toks28
\MPscratchCnt=\count117
\MPscratchDim=\dimen132
\MPnumerator=\count118
\makeMPintoPDFobject=\count119
\everyMPtoPDFconversion=\toks29
) (/usr/local/texlive/2015/texmf-dist/tex/generic/oberdiek/pdftexcmds.sty
Package: pdftexcmds 2011/11/29 v0.20 Utility functions of pdfTeX for LuaTeX (HO
)

(/usr/local/texlive/2015/texmf-dist/tex/generic/oberdiek/ifluatex.sty
Package: ifluatex 2010/03/01 v1.3 Provides the ifluatex switch (HO)
Package ifluatex Info: LuaTeX not detected.
)
Package pdftexcmds Info: LuaTeX not detected.
Package pdftexcmds Info: \pdf@primitive is available.
Package pdftexcmds Info: \pdf@ifprimitive is available.
Package pdftexcmds Info: \pdfdraftmode found.
)
(/usr/local/texlive/2015/texmf-dist/tex/latex/oberdiek/epstopdf-base.sty
Package: epstopdf-base 2010/02/09 v2.5 Base part for package epstopdf

(/usr/local/texlive/2015/texmf-dist/tex/latex/oberdiek/grfext.sty
Package: grfext 2010/08/19 v1.1 Manage graphics extensions (HO)

(/usr/local/texlive/2015/texmf-dist/tex/generic/oberdiek/kvdefinekeys.sty
Package: kvdefinekeys 2011/04/07 v1.3 Define keys (HO)
))
(/usr/local/texlive/2015/texmf-dist/tex/latex/oberdiek/kvoptions.sty
Package: kvoptions 2011/06/30 v3.11 Key value format for package options (HO)

(/usr/local/texlive/2015/texmf-dist/tex/generic/oberdiek/kvsetkeys.sty
Package: kvsetkeys 2012/04/25 v1.16 Key value parser (HO)

(/usr/local/texlive/2015/texmf-dist/tex/generic/oberdiek/etexcmds.sty
Package: etexcmds 2011/02/16 v1.5 Avoid name clashes with e-TeX commands (HO)
Package etexcmds Info: Could not find \expanded.
(etexcmds)             That can mean that you are not using pdfTeX 1.50 or
(etexcmds)             that some package has redefined \expanded.
(etexcmds)             In the latter case, load this package earlier.
)))
Package grfext Info: Graphics extension search list:
(grfext)             [.png,.pdf,.jpg,.mps,.jpeg,.jbig2,.jb2,.PNG,.PDF,.JPG,.JPE
G,.JBIG2,.JB2,.eps]
(grfext)             \AppendGraphicsExtensions on input line 452.

(/usr/local/texlive/2015/texmf-dist/tex/latex/latexconfig/epstopdf-sys.cfg
File: epstopdf-sys.cfg 2010/07/13 v1.3 Configuration of (r)epstopdf for TeX Liv
e
))
Package caption Info: Begin \AtBeginDocument code.
Package caption Info: End \AtBeginDocument code.

<recursos/logoFi.png, id=1, 120.45pt x 127.97812pt>
File: recursos/logoFi.png Graphic file (type png)
 <use recursos/logoFi.png>
Package pdftex.def Info: recursos/logoFi.png used on input line 44.
(pdftex.def)             Requested size: 64.01869pt x 68.0214pt.

<recursos/logoupm.png, id=3, 184.43906pt x 201.75375pt>
File: recursos/logoupm.png Graphic file (type png)

<use recursos/logoupm.png>
Package pdftex.def Info: recursos/logoupm.png used on input line 46.
(pdftex.def)             Requested size: 56.9055pt x 62.24747pt.

Underfull \vbox (badness 7595) has occurred while \output is active []

 [1

{/usr/local/texlive/2015/texmf-var/fonts/map/pdftex/updmap/pdftex.map} <./recur
sos/logoFi.png> <./recursos/logoupm.png>] [0

] [1] [2

] [3] [4

] [5] [6

] (./templateTFM.toc
LaTeX Info: Redefining \. on input line 1.
LaTeX Info: Redefining \% on input line 1.
LaTeX Font Info:    Try loading font information for U+msa on input line 2.
(/usr/local/texlive/2015/texmf-dist/tex/latex/amsfonts/umsa.fd
File: umsa.fd 2013/01/14 v3.01 AMS symbols A
)
LaTeX Font Info:    Try loading font information for U+msb on input line 2.

(/usr/local/texlive/2015/texmf-dist/tex/latex/amsfonts/umsb.fd
File: umsb.fd 2013/01/14 v3.01 AMS symbols B
))
\tf@toc=\write3
\openout3 = `templateTFM.toc'.

LaTeX Info: Redefining \. on input line 104.
LaTeX Info: Redefining \% on input line 104.

Overfull \vbox (2.37082pt too high) has occurred while \output is active []


[7]
LaTeX Info: Redefining \. on input line 104.
LaTeX Info: Redefining \% on input line 104.

Overfull \vbox (2.37082pt too high) has occurred while \output is active []


[8

] (./templateTFM.lof
LaTeX Info: Redefining \. on input line 1.
LaTeX Info: Redefining \% on input line 1.
)
\tf@lof=\write4
\openout4 = `templateTFM.lof'.

LaTeX Info: Redefining \. on input line 105.
LaTeX Info: Redefining \% on input line 105.

Overfull \vbox (2.37082pt too high) has occurred while \output is active []


[9]
LaTeX Info: Redefining \. on input line 105.
LaTeX Info: Redefining \% on input line 105.

Overfull \vbox (2.37082pt too high) has occurred while \output is active []


[10

] (./templateTFM.lot
LaTeX Info: Redefining \. on input line 1.
LaTeX Info: Redefining \% on input line 1.
)
\tf@lot=\write5
\openout5 = `templateTFM.lot'.

LaTeX Info: Redefining \. on input line 110.
LaTeX Info: Redefining \% on input line 110.

Overfull \vbox (2.37082pt too high) has occurred while \output is active []


[11] <recursos/Proceso.png, id=56, 627.84563pt x 903.375pt>
File: recursos/Proceso.png Graphic file (type png)

<use recursos/Proceso.png>
Package pdftex.def Info: recursos/Proceso.png used on input line 149.
(pdftex.def)             Requested size: 277.41176pt x 399.14035pt.
 [1

]
LaTeX Info: Redefining \. on input line 161.
LaTeX Info: Redefining \% on input line 161.

Overfull \vbox (2.37082pt too high) has occurred while \output is active []


[2 <./recursos/Proceso.png>]
LaTeX Font Info:    Try loading font information for OMS+cmr on input line 166.


(/usr/local/texlive/2015/texmf-dist/tex/latex/base/omscmr.fd
File: omscmr.fd 2014/09/29 v2.5h Standard LaTeX font definitions
)
LaTeX Font Info:    Font shape `OMS/cmr/m/n' in size <12> not available
(Font)              Font shape `OMS/cmsy/m/n' tried instead on input line 166.

Overfull \hbox (33.67603pt too wide) in paragraph at lines 186--187
[]\OT1/cmr/m/n/12 El alumno de-ber^^Sa tam-bi^^Sen en-viar a la \OT1/cmr/bx/n/1
2 Se-cre-tar^^S^^Pa del M^^Saster \OT1/cmr/m/n/12 (mas-te-ria.dia@fi.upm.es)
 []

LaTeX Info: Redefining \. on input line 193.
LaTeX Info: Redefining \% on input line 193.
[3]
LaTeX Info: Redefining \. on input line 217.
LaTeX Info: Redefining \% on input line 217.

Overfull \vbox (2.37082pt too high) has occurred while \output is active []


[4]
LaTeX Info: Redefining \. on input line 233.
LaTeX Info: Redefining \% on input line 233.
 [5]
LaTeX Info: Redefining \. on input line 233.
LaTeX Info: Redefining \% on input line 233.

Overfull \vbox (2.37082pt too high) has occurred while \output is active []


[6

] <recursos/Figure1a.png, id=80, 578.16pt x 433.62pt>
File: recursos/Figure1a.png Graphic file (type png)

<use recursos/Figure1a.png>
Package pdftex.def Info: recursos/Figure1a.png used on input line 241.
(pdftex.def)             Requested size: 213.39568pt x 160.04651pt.

<recursos/Figure1b.png, id=81, 578.16pt x 433.62pt>
File: recursos/Figure1b.png Graphic file (type png)

<use recursos/Figure1b.png>
Package pdftex.def Info: recursos/Figure1b.png used on input line 246.
(pdftex.def)             Requested size: 213.39568pt x 160.04651pt.
 <recursos/Figure2.png, id=82, 578.16pt x 433.62pt>
File: recursos/Figure2.png Graphic file (type png)

<use recursos/Figure2.png>
Package pdftex.def Info: recursos/Figure2.png used on input line 256.
(pdftex.def)             Requested size: 213.39568pt x 160.04651pt.
 [7 <./recursos/Figure1a.png> <./recursos/Figure1b.png>]

LaTeX Font Warning: Command \small invalid in math mode on input line 293.


LaTeX Font Warning: Command \small invalid in math mode on input line 293.


LaTeX Font Warning: Command \small invalid in math mode on input line 293.


LaTeX Font Warning: Command \small invalid in math mode on input line 293.


LaTeX Font Warning: Command \small invalid in math mode on input line 294.


LaTeX Font Warning: Command \small invalid in math mode on input line 294.


LaTeX Font Warning: Command \small invalid in math mode on input line 296.


LaTeX Font Warning: Command \small invalid in math mode on input line 296.


LaTeX Font Warning: Command \small invalid in math mode on input line 296.


LaTeX Font Warning: Command \small invalid in math mode on input line 296.


LaTeX Font Warning: Command \small invalid in math mode on input line 298.


LaTeX Font Warning: Command \small invalid in math mode on input line 299.


LaTeX Font Warning: Command \small invalid in math mode on input line 299.


LaTeX Font Warning: Command \small invalid in math mode on input line 299.


LaTeX Font Warning: Command \small invalid in math mode on input line 299.


LaTeX Font Warning: Command \small invalid in math mode on input line 299.


LaTeX Font Warning: Command \small invalid in math mode on input line 301.


LaTeX Font Warning: Command \small invalid in math mode on input line 301.


LaTeX Font Warning: Command \small invalid in math mode on input line 301.


LaTeX Font Warning: Command \small invalid in math mode on input line 301.


LaTeX Font Warning: Command \small invalid in math mode on input line 301.


LaTeX Font Warning: Command \small invalid in math mode on input line 301.


LaTeX Font Warning: Command \small invalid in math mode on input line 306.


LaTeX Font Warning: Command \small invalid in math mode on input line 306.


LaTeX Font Warning: Command \small invalid in math mode on input line 306.


LaTeX Font Warning: Command \small invalid in math mode on input line 306.


LaTeX Font Warning: Command \small invalid in math mode on input line 307.


LaTeX Font Warning: Command \small invalid in math mode on input line 308.


LaTeX Font Warning: Command \small invalid in math mode on input line 308.


LaTeX Font Warning: Command \small invalid in math mode on input line 308.


LaTeX Font Warning: Command \small invalid in math mode on input line 309.


LaTeX Font Warning: Command \small invalid in math mode on input line 309.


LaTeX Font Warning: Command \small invalid in math mode on input line 309.


LaTeX Font Warning: Command \small invalid in math mode on input line 309.


LaTeX Font Warning: Command \small invalid in math mode on input line 310.


LaTeX Font Warning: Command \small invalid in math mode on input line 311.


LaTeX Font Warning: Command \small invalid in math mode on input line 311.


LaTeX Font Warning: Command \small invalid in math mode on input line 311.


LaTeX Font Warning: Command \small invalid in math mode on input line 312.


LaTeX Font Warning: Command \small invalid in math mode on input line 314.


LaTeX Font Warning: Command \small invalid in math mode on input line 314.


LaTeX Font Warning: Command \small invalid in math mode on input line 314.


LaTeX Font Warning: Command \small invalid in math mode on input line 314.


LaTeX Font Warning: Command \small invalid in math mode on input line 314.


LaTeX Font Warning: Command \small invalid in math mode on input line 314.


LaTeX Warning: `h' float specifier changed to `ht'.


LaTeX Font Warning: Command \small invalid in math mode on input line 379.


LaTeX Font Warning: Command \small invalid in math mode on input line 379.

LaTeX Info: Redefining \. on input line 392.
LaTeX Info: Redefining \% on input line 392.

Overfull \vbox (2.37082pt too high) has occurred while \output is active []


[8 <./recursos/Figure2.png>]
LaTeX Info: Redefining \. on input line 413.
LaTeX Info: Redefining \% on input line 413.
 [9]
LaTeX Info: Redefining \. on input line 413.
LaTeX Info: Redefining \% on input line 413.

Overfull \vbox (2.37082pt too high) has occurred while \output is active []


[10] [11

]
LaTeX Info: Redefining \. on input line 435.
LaTeX Info: Redefining \% on input line 435.
 [12

] [13]
LaTeX Info: Redefining \. on input line 439.
LaTeX Info: Redefining \% on input line 439.

Overfull \vbox (2.37082pt too high) has occurred while \output is active []


[14

] [15]
LaTeX Info: Redefining \. on input line 519.
LaTeX Info: Redefining \% on input line 519.
 [16] [17

]
LaTeX Info: Redefining \. on input line 525.
LaTeX Info: Redefining \% on input line 525.
 [18

]
LaTeX Info: Redefining \. on input line 537.
LaTeX Info: Redefining \% on input line 537.
 [19] (./templateTFM.aux
LaTeX Info: Redefining \. on input line 6.
LaTeX Info: Redefining \% on input line 6.
)

LaTeX Warning: There were multiply-defined labels.

 ) 
Here is how much of TeX's memory you used:
 5249 strings out of 493089
 75840 string characters out of 6134841
 159865 words of memory out of 5000000
 8617 multiletter control sequences out of 15000+600000
 14744 words of font info for 54 fonts, out of 8000000 for 9000
 1141 hyphenation exceptions out of 8191
 42i,11n,40p,577b,439s stack positions out of 5000i,500n,10000p,200000b,80000s
</usr/local/texlive/2015/texmf-dist/fonts/type1/public/amsfonts/cm/cmbx10.pfb
></usr/local/texlive/2015/texmf-dist/fonts/type1/public/amsfonts/cm/cmbx12.pfb>
</usr/local/texlive/2015/texmf-dist/fonts/type1/public/amsfonts/cm/cmcsc10.pfb>
</usr/local/texlive/2015/texmf-dist/fonts/type1/public/amsfonts/cm/cmex10.pfb><
/usr/local/texlive/2015/texmf-dist/fonts/type1/public/amsfonts/cmextra/cmex8.pf
b></usr/local/texlive/2015/texmf-dist/fonts/type1/public/amsfonts/cm/cmmi12.pfb
></usr/local/texlive/2015/texmf-dist/fonts/type1/public/amsfonts/cm/cmmi8.pfb><
/usr/local/texlive/2015/texmf-dist/fonts/type1/public/amsfonts/cm/cmr10.pfb></u
sr/local/texlive/2015/texmf-dist/fonts/type1/public/amsfonts/cm/cmr12.pfb></usr
/local/texlive/2015/texmf-dist/fonts/type1/public/amsfonts/cm/cmr6.pfb></usr/lo
cal/texlive/2015/texmf-dist/fonts/type1/public/amsfonts/cm/cmr8.pfb></usr/local
/texlive/2015/texmf-dist/fonts/type1/public/amsfonts/cm/cmss10.pfb></usr/local/
texlive/2015/texmf-dist/fonts/type1/public/amsfonts/cm/cmss12.pfb></usr/local/t
exlive/2015/texmf-dist/fonts/type1/public/amsfonts/cm/cmssbx10.pfb></usr/local/
texlive/2015/texmf-dist/fonts/type1/public/amsfonts/cm/cmsy10.pfb></usr/local/t
exlive/2015/texmf-dist/fonts/type1/public/amsfonts/cm/cmsy8.pfb></usr/local/tex
live/2015/texmf-dist/fonts/type1/public/amsfonts/cm/cmti12.pfb>
Output written on templateTFM.pdf (32 pages, 779553 bytes).
PDF statistics:
 189 PDF objects out of 1000 (max. 8388607)
 124 compressed objects within 2 object streams
 0 named destinations out of 1000 (max. 500000)
 31 words of extra memory for PDF output out of 10000 (max. 10000000)

